<testsuite errors="0" failures="0" name="nose2-junit" skipped="0" tests="6" time="36.119">
  <testcase classname="test.test_lib.TestLib" name="test_country" time="6.156278">
    <system-err />
  </testcase>
  <testcase classname="test.test_lib.TestLib" name="test_index" time="6.141098">
    <system-err />
  </testcase>
  <testcase classname="test.test_lib.TestLib" name="test_industry" time="5.939627">
    <system-err />
  </testcase>
  <testcase classname="test.test_lib.TestLib" name="test_stocks_by_country" time="5.947250">
    <system-err />
  </testcase>
  <testcase classname="test.test_lib.TestLib" name="test_stocks_by_index" time="5.937713">
    <system-err />
  </testcase>
  <testcase classname="test.test_lib.TestLib" name="test_stocks_by_industry" time="5.994822">
    <system-err />
  </testcase>
</testsuite>
